2025-12-15 17:57:22 - GET
Raw input: 
GET params: []
POST params: []

2025-12-15 19:58:55 - GET
Raw input: 
GET params: []
POST params: []

2025-12-15 19:58:55 - GET
Raw input: 
GET params: []
POST params: []

2025-12-15 20:02:58 - GET
Raw input: 
GET params: []
POST params: []

2025-12-15 20:05:43 - GET
Raw input: 
GET params: []
POST params: []

2025-12-15 20:09:20 - GET
Raw input: 
GET params: []
POST params: []

2025-12-15 20:09:20 - GET
Raw input: 
GET params: []
POST params: []

2025-12-15 20:10:25 - GET
Raw input: 
GET params: []
POST params: []

2025-12-15 20:13:59 - GET
Raw input: 
GET params: []
POST params: []

2025-12-15 20:16:59 - GET
Raw input: 
GET params: []
POST params: []

2025-12-15 20:17:10 - GET
Raw input: 
GET params: []
POST params: []

2025-12-15 20:23:19 - GET
Raw input: 
GET params: []
POST params: []

2025-12-15 20:26:29 - GET
Raw input: 
GET params: []
POST params: []

2025-12-15 20:31:32 - GET
Raw input: 
GET params: []
POST params: []

2025-12-15 20:32:27 - GET
Raw input: 
GET params: []
POST params: []

2025-12-15 20:32:27 - GET
Raw input: 
GET params: []
POST params: []

2025-12-15 20:40:54 - GET
Raw input: 
GET params: []
POST params: []

2025-12-15 20:41:28 - POST
Raw input: {"title":"fewefwf","description":"","questions":[{"q":"ewfinwif","options":["fewfwef","fewfw","fewfwef","fwfe"],"answer":0},{"q":"fewfwf","options":["fewfew","fewf","fewf","fewfwf"],"answer":1}]}
GET params: []
POST params: []

2025-12-15 20:49:13 - GET
Raw input: 
GET params: []
POST params: []

2025-12-15 20:49:40 - POST
Raw input: {"title":"fewefwf","description":"","questions":[{"q":"dsaaaa","options":["aaaaaaaaa","ddddddd","sssssssss","cccccc"],"answer":1}]}
GET params: []
POST params: []

2025-12-15 20:50:22 - GET
Raw input: 
GET params: []
POST params: []

2025-12-15 20:53:24 - GET
Raw input: 
GET params: []
POST params: []

2025-12-15 20:54:17 - POST
Raw input: {"title":"fewefwf","description":"","questions":[{"q":"fewfw","options":["fewf","fff","ww","feww"],"answer":2}]}
GET params: []
POST params: []

2025-12-15 21:18:56 - GET
Raw input: 
GET params: []
POST params: []

2025-12-15 21:20:10 - GET
Raw input: 
GET params: []
POST params: []

2025-12-15 21:20:41 - POST
Raw input: {"title":"kubi","description":"ui78r","questions":[{"q":"njlb","options":["bkuo","bjrxte","klk;p","bhrxzw"],"answer":0}]}
GET params: []
POST params: []

2025-12-15 21:20:43 - GET
Raw input: 
GET params: []
POST params: []

2025-12-15 21:24:23 - GET
Raw input: 
GET params: []
POST params: []

2025-12-15 21:24:54 - POST
Raw input: {"title":"knlnl","description":"","questions":[{"q":"kli","options":["buiyuff","jbkuv","jjibui","nbuoiu"],"answer":0}]}
GET params: []
POST params: []

2025-12-15 21:24:56 - GET
Raw input: 
GET params: []
POST params: []

2025-12-15 21:31:45 - GET
Raw input: 
GET params: []
POST params: []

2025-12-15 21:40:16 - GET
Raw input: 
GET params: []
POST params: []

2025-12-15 21:40:16 - GET
Raw input: 
GET params: []
POST params: []

2025-12-15 21:40:19 - GET
Raw input: 
GET params: []
POST params: []

2025-12-15 21:43:32 - GET
Raw input: 
GET params: []
POST params: []

2025-12-15 21:44:05 - POST
Raw input: {"title":"kubi","description":"","questions":[{"q":"few","options":["efw","few","few","few"],"answer":0}]}
GET params: []
POST params: []

2025-12-15 21:44:07 - GET
Raw input: 
GET params: []
POST params: []

2025-12-15 21:44:39 - GET
Raw input: 
GET params: []
POST params: []

2025-12-15 21:44:39 - GET
Raw input: 
GET params: []
POST params: []

2025-12-15 21:45:09 - GET
Raw input: 
GET params: []
POST params: []

2025-12-15 21:45:09 - GET
Raw input: 
GET params: []
POST params: []

2025-12-15 21:45:13 - GET
Raw input: 
GET params: []
POST params: []

2025-12-15 21:54:36 - GET
Raw input: 
GET params: []
POST params: []

2025-12-15 22:00:34 - GET
Raw input: 
GET params: []
POST params: []

2025-12-15 22:05:43 - GET
Raw input: 
GET params: []
POST params: []

2025-12-15 22:05:43 - GET
Raw input: 
GET params: []
POST params: []

2025-12-15 22:10:09 - GET
Raw input: 
GET params: []
POST params: []

2025-12-15 22:10:09 - GET
Raw input: 
GET params: []
POST params: []

2025-12-15 22:10:09 - GET
Raw input: 
GET params: []
POST params: []

2025-12-15 22:10:34 - GET
Raw input: 
GET params: []
POST params: []

2025-12-15 22:10:35 - GET
Raw input: 
GET params: []
POST params: []

2025-12-15 22:10:38 - GET
Raw input: 
GET params: []
POST params: []

2025-12-15 22:10:51 - GET
Raw input: 
GET params: []
POST params: []

2025-12-15 22:10:52 - GET
Raw input: 
GET params: []
POST params: []

2025-12-15 22:10:59 - GET
Raw input: 
GET params: []
POST params: []

2025-12-15 22:11:02 - GET
Raw input: 
GET params: []
POST params: []

2025-12-15 22:11:15 - GET
Raw input: 
GET params: {"id":"NaN"}
POST params: []

2025-12-15 22:11:16 - GET
Raw input: 
GET params: {"id":"NaN"}
POST params: []

2025-12-15 22:11:16 - GET
Raw input: 
GET params: {"id":"NaN"}
POST params: []

2025-12-15 22:11:17 - GET
Raw input: 
GET params: {"id":"NaN"}
POST params: []

2025-12-15 22:11:19 - GET
Raw input: 
GET params: {"id":"10"}
POST params: []

2025-12-15 22:11:19 - GET
Raw input: 
GET params: {"id":"10"}
POST params: []

2025-12-15 22:11:46 - GET
Raw input: 
GET params: []
POST params: []

2025-12-15 22:14:40 - GET
Raw input: 
GET params: []
POST params: []

2025-12-15 22:16:33 - GET
Raw input: 
GET params: {"id":"9"}
POST params: []

2025-12-15 22:16:34 - GET
Raw input: 
GET params: {"id":"9"}
POST params: []

2025-12-15 22:16:34 - GET
Raw input: 
GET params: {"id":"9"}
POST params: []

2025-12-15 22:25:12 - GET
Raw input: 
GET params: []
POST params: []

2025-12-15 22:25:17 - GET
Raw input: 
GET params: {"id":"10"}
POST params: []

2025-12-15 22:25:17 - GET
Raw input: 
GET params: {"id":"10"}
POST params: []

2025-12-15 22:29:56 - GET
Raw input: 
GET params: []
POST params: []

2025-12-15 22:35:41 - GET
Raw input: 
GET params: []
POST params: []

2025-12-15 22:35:41 - GET
Raw input: 
GET params: []
POST params: []

2025-12-15 22:35:43 - GET
Raw input: 
GET params: []
POST params: []

2025-12-15 22:36:20 - GET
Raw input: 
GET params: []
POST params: []

2025-12-15 22:40:17 - GET
Raw input: 
GET params: []
POST params: []

2025-12-15 22:57:12 - GET
Raw input: 
GET params: []
POST params: []

2025-12-15 22:57:16 - GET
Raw input: 
GET params: {"id":"NaN"}
POST params: []

2025-12-15 22:57:17 - GET
Raw input: 
GET params: {"id":"12"}
POST params: []

2025-12-15 22:57:20 - DELETE
Raw input: 
GET params: {"id":"12"}
POST params: []

2025-12-15 22:57:20 - GET
Raw input: 
GET params: []
POST params: []

2025-12-15 22:57:21 - DELETE
Raw input: 
GET params: {"id":"NaN"}
POST params: []

2025-12-15 22:57:25 - DELETE
Raw input: 
GET params: {"id":"11"}
POST params: []

2025-12-15 22:57:25 - GET
Raw input: 
GET params: []
POST params: []

2025-12-15 22:57:27 - DELETE
Raw input: 
GET params: {"id":"NaN"}
POST params: []

2025-12-15 22:57:29 - DELETE
Raw input: 
GET params: {"id":"10"}
POST params: []

2025-12-15 22:57:30 - GET
Raw input: 
GET params: []
POST params: []

2025-12-15 22:57:31 - DELETE
Raw input: 
GET params: {"id":"NaN"}
POST params: []

2025-12-15 22:57:34 - DELETE
Raw input: 
GET params: {"id":"9"}
POST params: []

2025-12-15 22:57:34 - GET
Raw input: 
GET params: []
POST params: []

2025-12-15 22:57:36 - DELETE
Raw input: 
GET params: {"id":"NaN"}
POST params: []

2025-12-15 22:57:39 - DELETE
Raw input: 
GET params: {"id":"8"}
POST params: []

2025-12-15 22:57:39 - GET
Raw input: 
GET params: []
POST params: []

2025-12-15 22:57:41 - DELETE
Raw input: 
GET params: {"id":"7"}
POST params: []

2025-12-15 22:57:41 - GET
Raw input: 
GET params: []
POST params: []

2025-12-15 22:57:43 - DELETE
Raw input: 
GET params: {"id":"6"}
POST params: []

2025-12-15 22:57:43 - GET
Raw input: 
GET params: []
POST params: []

2025-12-15 22:57:58 - GET
Raw input: 
GET params: []
POST params: []

2025-12-15 22:58:04 - GET
Raw input: 
GET params: []
POST params: []

2025-12-15 22:58:04 - GET
Raw input: 
GET params: []
POST params: []

2025-12-15 22:58:33 - GET
Raw input: 
GET params: []
POST params: []

2025-12-15 22:58:34 - GET
Raw input: 
GET params: []
POST params: []

2025-12-15 22:59:15 - POST
Raw input: {"title":"fdewfw","description":"grwewf","questions":[{"q":"sdjaipfioa","options":["fnewfbudis","fdas njfkhas","fsa nkjfjahbsdi","fsnaifgyas"],"answer":0}]}
GET params: []
POST params: []

2025-12-15 22:59:20 - POST
Raw input: {"title":"fdewfw","description":"grwewf","questions":[{"q":"sdjaipfioa","options":["fnewfbudis","fdas njfkhas","fsa nkjfjahbsdi","fsnaifgyas"],"answer":0}]}
GET params: []
POST params: []

2025-12-15 22:59:21 - POST
Raw input: {"title":"fdewfw","description":"grwewf","questions":[{"q":"sdjaipfioa","options":["fnewfbudis","fdas njfkhas","fsa nkjfjahbsdi","fsnaifgyas"],"answer":0}]}
GET params: []
POST params: []

2025-12-15 23:04:22 - GET
Raw input: 
GET params: []
POST params: []

2025-12-15 23:04:34 - GET
Raw input: 
GET params: []
POST params: []

2025-12-15 23:04:34 - GET
Raw input: 
GET params: []
POST params: []

2025-12-15 23:04:46 - GET
Raw input: 
GET params: []
POST params: []

2025-12-15 23:04:50 - GET
Raw input: 
GET params: []
POST params: []

2025-12-15 23:11:39 - POST
Raw input: {"title":"kubi","description":"","questions":[{"q":"bji","options":["77","000","66","6474"],"answer":0}]}
GET params: []
POST params: []

2025-12-15 23:15:28 - GET
Raw input: 
GET params: []
POST params: []

2025-12-15 23:15:33 - GET
Raw input: 
GET params: {"id":"13"}
POST params: []

2025-12-15 23:15:34 - GET
Raw input: 
GET params: {"id":"NaN"}
POST params: []

2025-12-15 23:15:34 - GET
Raw input: 
GET params: {"id":"NaN"}
POST params: []

2025-12-15 23:15:35 - GET
Raw input: 
GET params: {"id":"NaN"}
POST params: []

2025-12-15 23:15:36 - GET
Raw input: 
GET params: {"id":"13"}
POST params: []

2025-12-15 23:15:36 - GET
Raw input: 
GET params: {"id":"13"}
POST params: []

2025-12-15 23:15:37 - GET
Raw input: 
GET params: {"id":"13"}
POST params: []

2025-12-15 23:17:01 - GET
Raw input: 
GET params: {"id":"13"}
POST params: []

2025-12-15 23:17:04 - GET
Raw input: 
GET params: {"id":"13"}
POST params: []

2025-12-15 23:17:04 - GET
Raw input: 
GET params: {"id":"13"}
POST params: []

2025-12-15 23:17:05 - GET
Raw input: 
GET params: {"id":"13"}
POST params: []

2025-12-15 23:17:05 - GET
Raw input: 
GET params: {"id":"13"}
POST params: []

2025-12-15 23:17:14 - GET
Raw input: 
GET params: []
POST params: []

2025-12-15 23:17:16 - GET
Raw input: 
GET params: {"id":"13"}
POST params: []

2025-12-15 23:17:16 - GET
Raw input: 
GET params: {"id":"13"}
POST params: []

2025-12-15 23:17:17 - GET
Raw input: 
GET params: {"id":"13"}
POST params: []

2025-12-15 23:17:17 - GET
Raw input: 
GET params: {"id":"13"}
POST params: []

2025-12-15 23:18:54 - GET
Raw input: 
GET params: []
POST params: []

2025-12-15 23:18:57 - GET
Raw input: 
GET params: {"id":"13"}
POST params: []

2025-12-15 23:18:57 - GET
Raw input: 
GET params: {"id":"13"}
POST params: []

2025-12-15 23:18:57 - GET
Raw input: 
GET params: {"id":"13"}
POST params: []

2025-12-15 23:18:58 - GET
Raw input: 
GET params: {"id":"13"}
POST params: []

2025-12-15 23:18:58 - GET
Raw input: 
GET params: {"id":"13"}
POST params: []

2025-12-15 23:18:59 - GET
Raw input: 
GET params: {"id":"13"}
POST params: []

2025-12-15 23:18:59 - GET
Raw input: 
GET params: {"id":"13"}
POST params: []

2025-12-15 23:18:59 - GET
Raw input: 
GET params: {"id":"13"}
POST params: []

2025-12-15 23:19:12 - GET
Raw input: 
GET params: []
POST params: []

2025-12-15 23:19:15 - GET
Raw input: 
GET params: {"id":"13"}
POST params: []

2025-12-15 23:19:18 - GET
Raw input: 
GET params: {"id":"13"}
POST params: []

2025-12-15 23:19:18 - GET
Raw input: 
GET params: {"id":"13"}
POST params: []

2025-12-15 23:19:18 - GET
Raw input: 
GET params: {"id":"13"}
POST params: []

2025-12-15 23:19:19 - GET
Raw input: 
GET params: {"id":"13"}
POST params: []

2025-12-15 23:19:20 - GET
Raw input: 
GET params: {"id":"13"}
POST params: []

2025-12-15 23:19:24 - GET
Raw input: 
GET params: []
POST params: []

2025-12-15 23:19:25 - GET
Raw input: 
GET params: {"id":"NaN"}
POST params: []

2025-12-15 23:19:25 - GET
Raw input: 
GET params: {"id":"NaN"}
POST params: []

2025-12-15 23:41:52 - GET
Raw input: 
GET params: []
POST params: []

2025-12-15 23:41:54 - GET
Raw input: 
GET params: {"id":"13"}
POST params: []

2025-12-15 23:41:55 - GET
Raw input: 
GET params: {"id":"13"}
POST params: []

2025-12-15 23:41:57 - DELETE
Raw input: 
GET params: {"id":"13"}
POST params: []

2025-12-15 23:41:57 - GET
Raw input: 
GET params: []
POST params: []

2025-12-15 23:42:14 - POST
Raw input: {"title":"kubi","description":"","questions":[{"q":"greg","options":["gregrg","ghgh","ghthy","ffff"],"answer":1}]}
GET params: []
POST params: []

2025-12-15 23:42:15 - GET
Raw input: 
GET params: []
POST params: []

2025-12-15 23:42:18 - GET
Raw input: 
GET params: {"id":"14"}
POST params: []

2025-12-15 23:42:19 - GET
Raw input: 
GET params: {"id":"14"}
POST params: []

2025-12-15 23:42:19 - GET
Raw input: 
GET params: {"id":"14"}
POST params: []

2025-12-15 23:42:20 - GET
Raw input: 
GET params: {"id":"14"}
POST params: []

2025-12-15 23:42:20 - GET
Raw input: 
GET params: {"id":"14"}
POST params: []

2025-12-15 23:42:21 - GET
Raw input: 
GET params: {"id":"14"}
POST params: []

2025-12-15 23:42:33 - GET
Raw input: 
GET params: {"id":"14"}
POST params: []

2025-12-15 23:42:33 - GET
Raw input: 
GET params: {"id":"14"}
POST params: []

2025-12-15 23:42:33 - GET
Raw input: 
GET params: {"id":"14"}
POST params: []

2025-12-15 23:42:33 - GET
Raw input: 
GET params: {"id":"14"}
POST params: []

2025-12-15 23:42:34 - GET
Raw input: 
GET params: {"id":"14"}
POST params: []

2025-12-15 23:42:35 - GET
Raw input: 
GET params: {"id":"NaN"}
POST params: []

2025-12-15 23:42:36 - GET
Raw input: 
GET params: {"id":"NaN"}
POST params: []

2025-12-15 23:42:36 - GET
Raw input: 
GET params: {"id":"NaN"}
POST params: []

2025-12-15 23:42:36 - GET
Raw input: 
GET params: {"id":"NaN"}
POST params: []

2025-12-15 23:42:36 - GET
Raw input: 
GET params: {"id":"NaN"}
POST params: []

2025-12-15 23:42:37 - GET
Raw input: 
GET params: {"id":"14"}
POST params: []

2025-12-15 23:43:52 - GET
Raw input: 
GET params: []
POST params: []

2025-12-15 23:44:45 - GET
Raw input: 
GET params: []
POST params: []

2025-12-15 23:44:48 - GET
Raw input: 
GET params: {"id":"14"}
POST params: []

2025-12-15 23:44:49 - GET
Raw input: 
GET params: {"id":"14"}
POST params: []

2025-12-15 23:44:49 - GET
Raw input: 
GET params: {"id":"14"}
POST params: []

2025-12-15 23:44:49 - GET
Raw input: 
GET params: {"id":"14"}
POST params: []

2025-12-15 23:44:50 - GET
Raw input: 
GET params: {"id":"14"}
POST params: []

2025-12-15 23:44:50 - GET
Raw input: 
GET params: {"id":"14"}
POST params: []

2025-12-15 23:44:57 - GET
Raw input: 
GET params: {"id":"14"}
POST params: []

2025-12-15 23:44:58 - GET
Raw input: 
GET params: {"id":"14"}
POST params: []

2025-12-15 23:44:58 - GET
Raw input: 
GET params: {"id":"14"}
POST params: []

2025-12-15 23:44:58 - GET
Raw input: 
GET params: {"id":"14"}
POST params: []

2025-12-15 23:44:58 - GET
Raw input: 
GET params: {"id":"14"}
POST params: []

2025-12-15 23:48:18 - GET
Raw input: 
GET params: []
POST params: []

2025-12-15 23:48:21 - GET
Raw input: 
GET params: {"id":"14"}
POST params: []

2025-12-15 23:48:22 - GET
Raw input: 
GET params: {"id":"14"}
POST params: []

2025-12-15 23:48:27 - DELETE
Raw input: 
GET params: {"id":"14"}
POST params: []

2025-12-15 23:48:27 - GET
Raw input: 
GET params: []
POST params: []

2025-12-15 23:48:49 - POST
Raw input: {"title":"knlnl","description":"","questions":[{"q":"fwfds","options":["dwqd","freg","dwqd","rewd"],"answer":2}]}
GET params: []
POST params: []

2025-12-15 23:48:52 - GET
Raw input: 
GET params: []
POST params: []

2025-12-15 23:48:55 - GET
Raw input: 
GET params: {"id":"15"}
POST params: []

2025-12-16 00:06:48 - GET
Raw input: 
GET params: []
POST params: []

2025-12-16 00:06:51 - GET
Raw input: 
GET params: {"id":"NaN"}
POST params: []

2025-12-16 00:06:59 - GET
Raw input: 
GET params: []
POST params: []

2025-12-16 00:06:59 - GET
Raw input: 
GET params: []
POST params: []

2025-12-16 00:07:01 - GET
Raw input: 
GET params: []
POST params: []

2025-12-16 00:07:02 - GET
Raw input: 
GET params: {"id":"15"}
POST params: []

2025-12-16 00:07:04 - GET
Raw input: 
GET params: {"id":"15"}
POST params: []

2025-12-16 00:07:11 - DELETE
Raw input: 
GET params: {"id":"15"}
POST params: []

2025-12-16 00:07:11 - GET
Raw input: 
GET params: []
POST params: []

2025-12-16 00:10:24 - GET
Raw input: 
GET params: []
POST params: []

2025-12-16 00:10:27 - GET
Raw input: 
GET params: {"id":"1"}
POST params: []

2025-12-16 00:10:28 - GET
Raw input: 
GET params: {"id":"1"}
POST params: []

2025-12-16 00:10:32 - GET
Raw input: 
GET params: {"id":"1"}
POST params: []

2025-12-16 00:10:33 - GET
Raw input: 
GET params: {"id":"1"}
POST params: []

2025-12-16 00:10:34 - GET
Raw input: 
GET params: {"id":"1"}
POST params: []

2025-12-16 00:10:41 - GET
Raw input: 
GET params: {"id":"2"}
POST params: []

2025-12-16 00:10:44 - GET
Raw input: 
GET params: {"id":"3"}
POST params: []

2025-12-16 00:10:46 - GET
Raw input: 
GET params: {"id":"3"}
POST params: []

2025-12-16 00:27:09 - GET
Raw input: 
GET params: {"id":"3"}
POST params: []

2025-12-16 00:27:12 - GET
Raw input: 
GET params: []
POST params: []

2025-12-16 00:27:12 - GET
Raw input: 
GET params: []
POST params: []

2025-12-16 00:27:14 - GET
Raw input: 
GET params: []
POST params: []

2025-12-16 00:27:16 - GET
Raw input: 
GET params: {"id":"1"}
POST params: []

2025-12-16 00:27:18 - GET
Raw input: 
GET params: {"id":"1"}
POST params: []

2025-12-16 00:27:38 - GET
Raw input: 
GET params: {"id":"3"}
POST params: []

2025-12-16 00:27:38 - GET
Raw input: 
GET params: {"id":"3"}
POST params: []

